X.Org X Server 1.20.4
X Protocol Version 11, Revision 0
[ 13892.193] Build Operating System: Linux 4.15.0-48-generic armv8l Raspbian
[ 13892.194] Current Operating System: Linux f47474337552 4.19.105-v7l+ #1296 SMP Thu Feb 20 16:22:59 GMT 2020 armv7l
[ 13892.194] Kernel command line: coherent_pool=1M 8250.nr_uarts=0 cma=64M cma=256M cma=256M video=HDMI-A-1:800x600M@60,margin_left=0,margin_right=0,margin_top=0,margin_bottom=0 smsc95xx.macaddr=DC:A6:32:47:F6:D2 vc_mem.mem_base=0x3ec00000 vc_mem.mem_size=0x40000000  console=ttyS0,115200 console=tty1 root=PARTUUID=6c586e13-02 rootfstype=ext4 elevator=deadline fsck.repair=yes rootwait cgroup_enable=cpuset cgroup_memory=1 cgroup_enable=memory
[ 13892.195] Build Date: 05 June 2019  12:49:54PM
[ 13892.195] xorg-server 2:1.20.4-1+rpt1 (https://www.debian.org/support) 
[ 13892.195] Current version of pixman: 0.36.0
[ 13892.195] 	Before reporting problems, check http://wiki.x.org
	to make sure that you have the latest version.
[ 13892.195] Markers: (--) probed, (**) from config file, (==) default setting,
	(++) from command line, (!!) notice, (II) informational,
	(WW) warning, (EE) error, (NI) not implemented, (??) unknown.
[ 13892.196] (==) Log file: "/var/log/Xorg.0.log", Time: Sat Feb 22 09:42:34 2020
[ 13892.197] (==) Using system config directory "/usr/share/X11/xorg.conf.d"
[ 13892.197] (==) No Layout section.  Using the first Screen section.
[ 13892.197] (==) No screen section available. Using defaults.
[ 13892.197] (**) |-->Screen "Default Screen Section" (0)
[ 13892.197] (**) |   |-->Monitor "<default monitor>"
[ 13892.198] (==) No monitor specified for screen "Default Screen Section".
	Using a default monitor configuration.
[ 13892.198] (==) Automatically adding devices
[ 13892.198] (==) Automatically enabling devices
[ 13892.198] (==) Automatically adding GPU devices
[ 13892.198] (==) Max clients allowed: 256, resource mask: 0x1fffff
[ 13892.198] (WW) The directory "/usr/share/fonts/X11/cyrillic" does not exist.
[ 13892.198] 	Entry deleted from font path.
[ 13892.198] (==) FontPath set to:
	/usr/share/fonts/X11/misc,
	/usr/share/fonts/X11/100dpi/:unscaled,
	/usr/share/fonts/X11/75dpi/:unscaled,
	/usr/share/fonts/X11/Type1,
	/usr/share/fonts/X11/100dpi,
	/usr/share/fonts/X11/75dpi,
	built-ins
[ 13892.198] (==) ModulePath set to "/usr/lib/xorg/modules"
[ 13892.198] (II) The server relies on udev to provide the list of input devices.
	If no devices become available, reconfigure udev or disable AutoAddDevices.
[ 13892.198] (II) Loader magic: 0x1fcf80
[ 13892.198] (II) Module ABI versions:
[ 13892.198] 	X.Org ANSI C Emulation: 0.4
[ 13892.198] 	X.Org Video Driver: 24.0
[ 13892.198] 	X.Org XInput driver : 24.1
[ 13892.198] 	X.Org Server Extension : 10.0
[ 13892.199] (--) using VT number 2

[ 13892.199] (II) systemd-logind: logind integration requires -keeptty and -keeptty was not provided, disabling logind integration
[ 13892.201] (II) xfree86: Adding drm device (/dev/dri/card1)
[ 13892.209] (II) xfree86: Adding drm device (/dev/dri/card0)
[ 13892.211] (II) no primary bus or device found
[ 13892.211] 	falling back to /sys/devices/platform/soc/soc:gpu/drm/card1
[ 13892.211] (II) LoadModule: "glx"
[ 13892.212] (II) Loading /usr/lib/xorg/modules/extensions/libglx.so
[ 13892.215] (II) Module glx: vendor="X.Org Foundation"
[ 13892.215] 	compiled for 1.20.4, module version = 1.0.0
[ 13892.215] 	ABI class: X.Org Server Extension, version 10.0
[ 13892.215] (==) Matched modesetting as autoconfigured driver 0
[ 13892.215] (==) Matched fbdev as autoconfigured driver 1
[ 13892.215] (==) Assigned the driver to the xf86ConfigLayout
[ 13892.215] (II) LoadModule: "modesetting"
[ 13892.215] (II) Loading /usr/lib/xorg/modules/drivers/modesetting_drv.so
[ 13892.220] (II) Module modesetting: vendor="X.Org Foundation"
[ 13892.220] 	compiled for 1.20.4, module version = 1.20.4
[ 13892.220] 	Module class: X.Org Video Driver
[ 13892.220] 	ABI class: X.Org Video Driver, version 24.0
[ 13892.221] (II) LoadModule: "fbdev"
[ 13892.221] (II) Loading /usr/lib/xorg/modules/drivers/fbdev_drv.so
[ 13892.222] (II) Module fbdev: vendor="X.Org Foundation"
[ 13892.222] 	compiled for 1.20.3, module version = 0.5.0
[ 13892.222] 	Module class: X.Org Video Driver
[ 13892.222] 	ABI class: X.Org Video Driver, version 24.0
[ 13892.222] (II) modesetting: Driver for Modesetting Kernel Drivers: kms
[ 13892.222] (II) FBDEV: driver for framebuffer: fbdev
[ 13892.242] (II) modeset(0): using drv /dev/dri/card1
[ 13892.242] (WW) Falling back to old probe method for fbdev
[ 13892.242] (II) Loading sub module "fbdevhw"
[ 13892.242] (II) LoadModule: "fbdevhw"
[ 13892.242] (II) Loading /usr/lib/xorg/modules/libfbdevhw.so
[ 13892.246] (II) Module fbdevhw: vendor="X.Org Foundation"
[ 13892.246] 	compiled for 1.20.4, module version = 0.0.2
[ 13892.246] 	ABI class: X.Org Video Driver, version 24.0
[ 13892.246] (II) modeset(0): Creating default Display subsection in Screen section
	"Default Screen Section" for depth/fbbpp 24/32
[ 13892.246] (==) modeset(0): Depth 24, (==) framebuffer bpp 32
[ 13892.247] (==) modeset(0): RGB weight 888
[ 13892.247] (==) modeset(0): Default visual is TrueColor
[ 13892.247] (II) Loading sub module "glamoregl"
[ 13892.247] (II) LoadModule: "glamoregl"
[ 13892.247] (II) Loading /usr/lib/xorg/modules/libglamoregl.so
[ 13892.256] (II) Module glamoregl: vendor="X.Org Foundation"
[ 13892.256] 	compiled for 1.20.4, module version = 1.0.1
[ 13892.256] 	ABI class: X.Org ANSI C Emulation, version 0.4
[ 13892.767] (II) modeset(0): glamor X acceleration enabled on V3D 4.2
[ 13892.767] (II) modeset(0): glamor initialized
[ 13892.769] (II) modeset(0): Output HDMI-1 has no monitor section
[ 13892.772] (II) modeset(0): EDID for output HDMI-1
[ 13892.772] (II) modeset(0): Printing probed modes for output HDMI-1
[ 13892.772] (II) modeset(0): Modeline "1024x768"x60.0   65.00  1024 1048 1184 1344  768 771 777 806 -hsync -vsync (48.4 kHz e)
[ 13892.772] (II) modeset(0): Modeline "800x600"x60.3   40.00  800 840 968 1056  600 601 605 628 +hsync +vsync (37.9 kHz e)
[ 13892.772] (II) modeset(0): Modeline "800x600"x56.2   36.00  800 824 896 1024  600 601 603 625 +hsync +vsync (35.2 kHz e)
[ 13892.772] (II) modeset(0): Modeline "848x480"x60.0   33.75  848 864 976 1088  480 486 494 517 +hsync +vsync (31.0 kHz e)
[ 13892.772] (II) modeset(0): Modeline "640x480"x59.9   25.18  640 656 752 800  480 490 492 525 -hsync -vsync (31.5 kHz e)
[ 13892.772] (II) modeset(0): Output HDMI-1 connected
[ 13892.772] (II) modeset(0): Using exact sizes for initial modes
[ 13892.772] (II) modeset(0): Output HDMI-1 using initial mode 1024x768 +0+0
[ 13892.772] (==) modeset(0): Using gamma correction (1.0, 1.0, 1.0)
[ 13892.772] (==) modeset(0): DPI set to (96, 96)
[ 13892.772] (II) Loading sub module "fb"
[ 13892.772] (II) LoadModule: "fb"
[ 13892.773] (II) Loading /usr/lib/xorg/modules/libfb.so
[ 13892.773] (II) Module fb: vendor="X.Org Foundation"
[ 13892.773] 	compiled for 1.20.4, module version = 1.0.0
[ 13892.773] 	ABI class: X.Org ANSI C Emulation, version 0.4
[ 13892.773] (II) UnloadModule: "fbdev"
[ 13892.773] (II) Unloading fbdev
[ 13892.773] (II) UnloadSubModule: "fbdevhw"
[ 13892.773] (II) Unloading fbdevhw
[ 13892.850] (==) modeset(0): Backing store enabled
[ 13892.851] (==) modeset(0): Silken mouse enabled
[ 13892.938] (II) modeset(0): Initializing kms color map for depth 24, 8 bpc.
[ 13892.939] (==) modeset(0): DPMS enabled
[ 13892.940] (II) modeset(0): [DRI2] Setup complete
[ 13892.941] (II) modeset(0): [DRI2]   DRI driver: vc4
[ 13892.941] (II) modeset(0): [DRI2]   VDPAU driver: vc4
[ 13892.941] (II) Initializing extension Generic Event Extension
[ 13892.941] (II) Initializing extension SHAPE
[ 13892.942] (II) Initializing extension MIT-SHM
[ 13892.943] (II) Initializing extension XInputExtension
[ 13892.944] (II) Initializing extension XTEST
[ 13892.944] (II) Initializing extension BIG-REQUESTS
[ 13892.945] (II) Initializing extension SYNC
[ 13892.946] (II) Initializing extension XKEYBOARD
[ 13892.947] (II) Initializing extension XC-MISC
[ 13892.947] (II) Initializing extension SECURITY
[ 13892.948] (II) Initializing extension XFIXES
[ 13892.949] (II) Initializing extension RENDER
[ 13892.950] (II) Initializing extension RANDR
[ 13892.951] (II) Initializing extension COMPOSITE
[ 13892.952] (II) Initializing extension DAMAGE
[ 13892.952] (II) Initializing extension MIT-SCREEN-SAVER
[ 13892.953] (II) Initializing extension DOUBLE-BUFFER
[ 13892.954] (II) Initializing extension RECORD
[ 13892.955] (II) Initializing extension DPMS
[ 13892.955] (II) Initializing extension Present
[ 13892.956] (II) Initializing extension DRI3
[ 13892.957] (II) Initializing extension X-Resource
[ 13892.957] (II) Initializing extension XVideo
[ 13892.958] (II) Initializing extension XVideo-MotionCompensation
[ 13892.958] (II) Initializing extension SELinux
[ 13892.958] (II) SELinux: Disabled on system
[ 13892.958] (II) Initializing extension GLX
[ 13893.357] (II) AIGLX: Loaded and initialized vc4
[ 13893.357] (II) GLX: Initialized DRI2 GL provider for screen 0
[ 13893.357] (II) Initializing extension XFree86-VidModeExtension
[ 13893.358] (II) Initializing extension XFree86-DGA
[ 13893.359] (II) Initializing extension XFree86-DRI
[ 13893.359] (II) Initializing extension DRI2
[ 13893.364] (II) modeset(0): Damage tracking initialized
[ 13893.364] (II) modeset(0): Setting screen physical size to 270 x 203
[ 13906.624] (II) modeset(0): Disabling kernel dirty updates, not required.